csize:3
server start (rank):0
para num: 29737
Model Size: 0.11343765258789062 MB
get begin
get end
tensor([[ 8.0358e-03,  1.9680e-02,  1.6134e-03,  4.1395e-03,  5.0829e-03,
         -1.0126e-02, -3.6161e-03, -1.5383e-03],
        [-6.1034e-03,  7.4159e-03,  1.2102e-02, -1.9275e-04, -1.2348e-02,
          1.5086e-02, -3.4894e-05, -6.9374e-03],
        [-1.2691e-02, -1.1563e-02, -5.8526e-03, -7.9115e-03,  1.7313e-02,
         -6.8130e-03, -4.1782e-03, -1.7060e-02],
        [ 1.3512e-03,  7.4135e-03, -9.0643e-03,  1.2712e-02,  3.6466e-03,
          1.9715e-03,  2.4311e-04, -3.8951e-03],
        [-1.2381e-02,  8.9396e-03, -5.9005e-03,  7.8547e-03, -1.4125e-02,
          9.9641e-03,  1.2382e-02, -1.3306e-02],
        [-2.8124e-03,  4.6955e-03, -4.6414e-03, -4.5604e-03, -6.5552e-03,
         -3.2269e-03, -1.3353e-02, -1.4212e-02],
        [-6.8042e-04, -7.2463e-03,  1.3462e-02, -1.7349e-03,  3.0218e-04,
          9.7867e-03,  4.5708e-03, -3.4915e-04],
        [-7.9912e-04,  1.0893e-02, -4.6976e-03, -7.5549e-03, -2.1267e-02,
         -3.5706e-04,  1.0063e-02,  3.2980e-03],
        [ 1.0886e-02, -3.2295e-03, -1.0095e-02,  7.8897e-03, -9.7000e-03,
         -1.2471e-03, -6.8125e-03,  1.0587e-02],
        [ 1.2835e-02, -3.4383e-03,  3.5802e-03,  4.4795e-03, -3.4906e-03,
          1.4592e-03, -5.5090e-03, -6.0450e-03]])
send begin
send end
get begin
get end
tensor([[ 8.0358e-03,  1.9680e-02,  1.6134e-03,  4.1395e-03,  5.0829e-03,
         -1.0126e-02, -3.6161e-03, -1.5383e-03],
        [-6.1034e-03,  7.4159e-03,  1.2102e-02, -1.9275e-04, -1.2348e-02,
          1.5086e-02, -3.4894e-05, -6.9374e-03],
        [-1.2691e-02, -1.1563e-02, -5.8526e-03, -7.9115e-03,  1.7313e-02,
         -6.8130e-03, -4.1782e-03, -1.7060e-02],
        [ 1.3512e-03,  7.4135e-03, -9.0643e-03,  1.2712e-02,  3.6466e-03,
          1.9715e-03,  2.4311e-04, -3.8951e-03],
        [-1.2381e-02,  8.9396e-03, -5.9005e-03,  7.8547e-03, -1.4125e-02,
          9.9641e-03,  1.2382e-02, -1.3306e-02],
        [-2.8124e-03,  4.6955e-03, -4.6414e-03, -4.5604e-03, -6.5552e-03,
         -3.2269e-03, -1.3353e-02, -1.4212e-02],
        [-6.8042e-04, -7.2463e-03,  1.3462e-02, -1.7349e-03,  3.0218e-04,
          9.7867e-03,  4.5708e-03, -3.4915e-04],
        [-7.9912e-04,  1.0893e-02, -4.6976e-03, -7.5549e-03, -2.1267e-02,
         -3.5706e-04,  1.0063e-02,  3.2980e-03],
        [ 1.0886e-02, -3.2295e-03, -1.0095e-02,  7.8897e-03, -9.7000e-03,
         -1.2471e-03, -6.8125e-03,  1.0587e-02],
        [ 1.2835e-02, -3.4383e-03,  3.5802e-03,  4.4795e-03, -3.4906e-03,
          1.4592e-03, -5.5090e-03, -6.0450e-03]])
send begin
send end
get begin
get end
tensor([[ 8.0358e-03,  1.9680e-02,  1.6134e-03,  4.1395e-03,  5.0829e-03,
         -1.0126e-02, -3.6161e-03, -1.5383e-03],
        [-6.1034e-03,  7.4159e-03,  1.2102e-02, -1.9275e-04, -1.2348e-02,
          1.5086e-02, -3.4894e-05, -6.9374e-03],
        [-1.2691e-02, -1.1563e-02, -5.8526e-03, -7.9115e-03,  1.7313e-02,
         -6.8130e-03, -4.1782e-03, -1.7060e-02],
        [ 1.3512e-03,  7.4135e-03, -9.0643e-03,  1.2712e-02,  3.6466e-03,
          1.9715e-03,  2.4311e-04, -3.8951e-03],
        [-1.2381e-02,  8.9396e-03, -5.9005e-03,  7.8547e-03, -1.4125e-02,
          9.9641e-03,  1.2382e-02, -1.3306e-02],
        [-2.8124e-03,  4.6955e-03, -4.6414e-03, -4.5604e-03, -6.5552e-03,
         -3.2269e-03, -1.3353e-02, -1.4212e-02],
        [-6.8042e-04, -7.2463e-03,  1.3462e-02, -1.7349e-03,  3.0218e-04,
          9.7867e-03,  4.5708e-03, -3.4915e-04],
        [-7.9912e-04,  1.0893e-02, -4.6976e-03, -7.5549e-03, -2.1267e-02,
         -3.5706e-04,  1.0063e-02,  3.2980e-03],
        [ 1.0886e-02, -3.2295e-03, -1.0095e-02,  7.8897e-03, -9.7000e-03,
         -1.2471e-03, -6.8125e-03,  1.0587e-02],
        [ 1.2835e-02, -3.4383e-03,  3.5802e-03,  4.4795e-03, -3.4906e-03,
          1.4592e-03, -5.5090e-03, -6.0450e-03]])
send begin
send end
get begin
get end
tensor([[ 8.3980e-03,  2.0052e-02,  1.9853e-03,  3.7677e-03,  4.7115e-03,
         -9.7551e-03, -3.2485e-03, -1.9101e-03],
        [-6.1034e-03,  7.4159e-03,  1.2102e-02, -1.9275e-04, -1.2348e-02,
          1.5086e-02, -3.4894e-05, -6.9374e-03],
        [-1.2691e-02, -1.1563e-02, -5.8526e-03, -7.9115e-03,  1.7313e-02,
         -6.8130e-03, -4.1782e-03, -1.7060e-02],
        [ 1.3512e-03,  7.4135e-03, -9.0643e-03,  1.2712e-02,  3.6466e-03,
          1.9715e-03,  2.4311e-04, -3.8951e-03],
        [-1.2381e-02,  8.9396e-03, -5.9005e-03,  7.8547e-03, -1.4125e-02,
          9.9641e-03,  1.2382e-02, -1.3306e-02],
        [-2.8124e-03,  4.6955e-03, -4.6414e-03, -4.5604e-03, -6.5552e-03,
         -3.2269e-03, -1.3353e-02, -1.4212e-02],
        [-6.8042e-04, -7.2463e-03,  1.3462e-02, -1.7349e-03,  3.0218e-04,
          9.7867e-03,  4.5708e-03, -3.4915e-04],
        [-7.9912e-04,  1.0893e-02, -4.6976e-03, -7.5549e-03, -2.1267e-02,
         -3.5706e-04,  1.0063e-02,  3.2980e-03],
        [ 1.0886e-02, -3.2295e-03, -1.0095e-02,  7.8897e-03, -9.7000e-03,
         -1.2471e-03, -6.8125e-03,  1.0587e-02],
        [ 1.2835e-02, -3.4383e-03,  3.5802e-03,  4.4795e-03, -3.4906e-03,
          1.4592e-03, -5.5090e-03, -6.0450e-03]])
send begin
send end
get begin
get end
tensor([[ 8.3980e-03,  2.0052e-02,  1.9853e-03,  3.7677e-03,  4.7115e-03,
         -9.7551e-03, -3.2485e-03, -1.9101e-03],
        [-6.1034e-03,  7.4159e-03,  1.2102e-02, -1.9275e-04, -1.2348e-02,
          1.5086e-02, -3.4894e-05, -6.9374e-03],
        [-1.2691e-02, -1.1563e-02, -5.8526e-03, -7.9115e-03,  1.7313e-02,
         -6.8130e-03, -4.1782e-03, -1.7060e-02],
        [ 1.3512e-03,  7.4135e-03, -9.0643e-03,  1.2712e-02,  3.6466e-03,
          1.9715e-03,  2.4311e-04, -3.8951e-03],
        [-1.2381e-02,  8.9396e-03, -5.9005e-03,  7.8547e-03, -1.4125e-02,
          9.9641e-03,  1.2382e-02, -1.3306e-02],
        [-3.1736e-03,  5.0673e-03, -5.0133e-03, -4.9318e-03, -6.9266e-03,
         -2.8550e-03, -1.3725e-02, -1.3841e-02],
        [-6.8042e-04, -7.2463e-03,  1.3462e-02, -1.7349e-03,  3.0218e-04,
          9.7867e-03,  4.5708e-03, -3.4915e-04],
        [-7.9912e-04,  1.0893e-02, -4.6976e-03, -7.5549e-03, -2.1267e-02,
         -3.5706e-04,  1.0063e-02,  3.2980e-03],
        [ 1.0886e-02, -3.2295e-03, -1.0095e-02,  7.8897e-03, -9.7000e-03,
         -1.2471e-03, -6.8125e-03,  1.0587e-02],
        [ 1.2011e-02, -4.2729e-03,  2.7478e-03,  5.3138e-03, -2.6566e-03,
          6.2508e-04, -6.3438e-03, -5.2253e-03]])
send begin
send end
