csize:3
server start (rank):0
para num: 29737
Model Size: 0.11343765258789062 MB
get begin
get end
tensor([[ 0.0005,  0.0080,  0.0007, -0.0103,  0.0099, -0.0055,  0.0045, -0.0130],
        [-0.0137,  0.0105, -0.0127,  0.0200,  0.0029,  0.0027,  0.0147,  0.0019],
        [ 0.0039, -0.0059,  0.0160,  0.0172, -0.0179, -0.0146,  0.0108,  0.0014],
        [ 0.0072,  0.0152,  0.0022,  0.0125,  0.0026,  0.0119, -0.0080, -0.0011],
        [-0.0025,  0.0010,  0.0089,  0.0122,  0.0096, -0.0099, -0.0103,  0.0047],
        [ 0.0002,  0.0205,  0.0021, -0.0001, -0.0107, -0.0045, -0.0036, -0.0010],
        [ 0.0028, -0.0080, -0.0002,  0.0073,  0.0085, -0.0095,  0.0024,  0.0110],
        [-0.0136, -0.0114,  0.0036,  0.0012,  0.0068,  0.0070,  0.0002, -0.0046],
        [ 0.0082, -0.0219,  0.0018, -0.0046,  0.0034, -0.0146,  0.0141, -0.0020],
        [-0.0111, -0.0033, -0.0017,  0.0121, -0.0063, -0.0112,  0.0161,  0.0017]])
send begin
send end
get begin
get end
tensor([[ 0.0005,  0.0080,  0.0007, -0.0103,  0.0099, -0.0055,  0.0045, -0.0130],
        [-0.0137,  0.0105, -0.0127,  0.0200,  0.0029,  0.0027,  0.0147,  0.0019],
        [ 0.0039, -0.0059,  0.0160,  0.0172, -0.0179, -0.0146,  0.0108,  0.0014],
        [ 0.0072,  0.0152,  0.0022,  0.0125,  0.0026,  0.0119, -0.0080, -0.0011],
        [-0.0025,  0.0010,  0.0089,  0.0122,  0.0096, -0.0099, -0.0103,  0.0047],
        [ 0.0002,  0.0205,  0.0021, -0.0001, -0.0107, -0.0045, -0.0036, -0.0010],
        [ 0.0028, -0.0080, -0.0002,  0.0073,  0.0085, -0.0095,  0.0024,  0.0110],
        [-0.0136, -0.0114,  0.0036,  0.0012,  0.0068,  0.0070,  0.0002, -0.0046],
        [ 0.0082, -0.0219,  0.0018, -0.0046,  0.0034, -0.0146,  0.0141, -0.0020],
        [-0.0111, -0.0033, -0.0017,  0.0121, -0.0063, -0.0112,  0.0161,  0.0017]])
send begin
send end
get begin
get end
tensor([[ 0.0005,  0.0080,  0.0007, -0.0103,  0.0099, -0.0055,  0.0045, -0.0130],
        [-0.0137,  0.0105, -0.0127,  0.0200,  0.0029,  0.0027,  0.0147,  0.0019],
        [ 0.0039, -0.0059,  0.0160,  0.0172, -0.0179, -0.0146,  0.0108,  0.0014],
        [ 0.0072,  0.0152,  0.0022,  0.0125,  0.0026,  0.0119, -0.0080, -0.0011],
        [-0.0025,  0.0010,  0.0089,  0.0122,  0.0096, -0.0099, -0.0103,  0.0047],
        [-0.0006,  0.0213,  0.0013, -0.0009, -0.0116, -0.0037, -0.0028, -0.0002],
        [ 0.0028, -0.0080, -0.0002,  0.0073,  0.0085, -0.0095,  0.0024,  0.0110],
        [-0.0145, -0.0106,  0.0044,  0.0004,  0.0076,  0.0078, -0.0007, -0.0054],
        [ 0.0082, -0.0219,  0.0018, -0.0046,  0.0034, -0.0146,  0.0141, -0.0020],
        [-0.0111, -0.0033, -0.0017,  0.0121, -0.0063, -0.0112,  0.0161,  0.0017]])
send begin
send end
get begin
get end
tensor([[ 0.0005,  0.0080,  0.0007, -0.0103,  0.0099, -0.0055,  0.0045, -0.0130],
        [-0.0137,  0.0105, -0.0127,  0.0200,  0.0029,  0.0027,  0.0147,  0.0019],
        [ 0.0039, -0.0059,  0.0160,  0.0172, -0.0179, -0.0146,  0.0108,  0.0014],
        [ 0.0072,  0.0152,  0.0022,  0.0125,  0.0026,  0.0119, -0.0080, -0.0011],
        [-0.0025,  0.0010,  0.0089,  0.0122,  0.0096, -0.0099, -0.0103,  0.0047],
        [-0.0006,  0.0213,  0.0013, -0.0009, -0.0116, -0.0037, -0.0028, -0.0002],
        [ 0.0028, -0.0080, -0.0002,  0.0073,  0.0085, -0.0095,  0.0024,  0.0110],
        [-0.0145, -0.0106,  0.0044,  0.0004,  0.0076,  0.0078, -0.0007, -0.0054],
        [ 0.0082, -0.0219,  0.0018, -0.0046,  0.0034, -0.0146,  0.0141, -0.0020],
        [-0.0111, -0.0033, -0.0017,  0.0121, -0.0063, -0.0112,  0.0161,  0.0017]])
send begin
send end
get begin
get end
tensor([[ 0.0005,  0.0080,  0.0007, -0.0103,  0.0099, -0.0055,  0.0045, -0.0130],
        [-0.0137,  0.0105, -0.0127,  0.0200,  0.0029,  0.0027,  0.0147,  0.0019],
        [ 0.0039, -0.0059,  0.0160,  0.0172, -0.0179, -0.0146,  0.0108,  0.0014],
        [ 0.0072,  0.0152,  0.0022,  0.0125,  0.0026,  0.0119, -0.0080, -0.0011],
        [-0.0025,  0.0010,  0.0089,  0.0122,  0.0096, -0.0099, -0.0103,  0.0047],
        [-0.0006,  0.0213,  0.0013, -0.0009, -0.0116, -0.0037, -0.0028, -0.0002],
        [ 0.0028, -0.0080, -0.0002,  0.0073,  0.0085, -0.0095,  0.0024,  0.0110],
        [-0.0145, -0.0106,  0.0044,  0.0004,  0.0076,  0.0078, -0.0007, -0.0054],
        [ 0.0082, -0.0219,  0.0018, -0.0046,  0.0034, -0.0146,  0.0141, -0.0020],
        [-0.0111, -0.0033, -0.0017,  0.0121, -0.0063, -0.0112,  0.0161,  0.0017]])
send begin
send end
