csize:3
server start (rank):0
para num: 29737
Model Size: 0.11343765258789062 MB
get begin
get end
tensor([[-1.8488e-03,  1.7160e-03,  1.5880e-02, -1.1476e-02, -1.8813e-04,
         -2.3571e-02,  7.7234e-03,  8.5297e-03],
        [ 1.2519e-02,  7.6777e-03, -4.0128e-03, -2.1190e-02,  4.4200e-03,
         -6.4610e-03, -1.5070e-02,  2.7875e-03],
        [ 8.1681e-03,  4.2858e-03,  1.8606e-02,  1.8375e-03, -1.6822e-02,
         -9.4686e-04,  9.4507e-03, -6.3163e-03],
        [ 8.1586e-05,  7.6353e-04, -4.2110e-03, -5.4278e-03,  6.3727e-03,
          7.5700e-03,  2.0300e-02,  3.8343e-03],
        [-6.0966e-03,  6.3138e-03, -2.1899e-02, -1.3089e-02,  1.2854e-02,
         -3.7796e-03,  1.5726e-02,  8.8332e-03],
        [ 7.7453e-03,  3.4892e-03,  2.2406e-02, -8.5995e-05,  2.8283e-03,
          3.1359e-04, -1.6457e-05, -4.9319e-03],
        [-4.8260e-03,  1.0278e-02,  7.4331e-04, -1.8973e-02,  8.0199e-03,
         -1.6853e-03, -8.8932e-03,  3.5294e-03],
        [ 1.3945e-02, -7.8714e-03, -1.8322e-02, -6.1241e-03,  1.0193e-02,
         -6.2298e-03,  3.0191e-04,  1.2089e-02],
        [ 7.2031e-03,  2.6373e-03, -5.0996e-04,  1.6052e-02, -1.8828e-02,
         -1.2516e-02, -3.8878e-03, -8.4187e-03],
        [ 8.3406e-03, -1.5032e-02, -1.0581e-02,  5.1437e-03, -2.2658e-03,
         -1.5894e-02, -7.2826e-03,  1.9233e-03]])
send begin
send end
get begin
get end
tensor([[-1.4772e-03,  1.3452e-03,  1.6252e-02, -1.1842e-02,  1.8366e-04,
         -2.3942e-02,  7.3518e-03,  8.1773e-03],
        [ 1.2519e-02,  7.6777e-03, -4.0128e-03, -2.1190e-02,  4.4200e-03,
         -6.4610e-03, -1.5070e-02,  2.7875e-03],
        [ 8.1681e-03,  4.2858e-03,  1.8606e-02,  1.8375e-03, -1.6822e-02,
         -9.4686e-04,  9.4507e-03, -6.3163e-03],
        [ 8.1586e-05,  7.6353e-04, -4.2110e-03, -5.4278e-03,  6.3727e-03,
          7.5700e-03,  2.0300e-02,  3.8343e-03],
        [-6.0966e-03,  6.3138e-03, -2.1899e-02, -1.3089e-02,  1.2854e-02,
         -3.7796e-03,  1.5726e-02,  8.8332e-03],
        [ 7.7453e-03,  3.4892e-03,  2.2406e-02, -8.5995e-05,  2.8283e-03,
          3.1359e-04, -1.6457e-05, -4.9319e-03],
        [-4.8260e-03,  1.0278e-02,  7.4331e-04, -1.8973e-02,  8.0199e-03,
         -1.6853e-03, -8.8932e-03,  3.5294e-03],
        [ 1.3110e-02, -7.1042e-03, -1.7490e-02, -5.3041e-03,  9.3578e-03,
         -5.3951e-03, -5.2900e-04,  1.2923e-02],
        [ 7.2031e-03,  2.6373e-03, -5.0996e-04,  1.6052e-02, -1.8828e-02,
         -1.2516e-02, -3.8878e-03, -8.4187e-03],
        [ 8.3406e-03, -1.5032e-02, -1.0581e-02,  5.1437e-03, -2.2658e-03,
         -1.5894e-02, -7.2826e-03,  1.9233e-03]])
send begin
send end
get begin
get end
tensor([[-1.4772e-03,  1.3452e-03,  1.6252e-02, -1.1842e-02,  1.8366e-04,
         -2.3942e-02,  7.3518e-03,  8.1773e-03],
        [ 1.2519e-02,  7.6777e-03, -4.0128e-03, -2.1190e-02,  4.4200e-03,
         -6.4610e-03, -1.5070e-02,  2.7875e-03],
        [ 8.1681e-03,  4.2858e-03,  1.8606e-02,  1.8375e-03, -1.6822e-02,
         -9.4686e-04,  9.4507e-03, -6.3163e-03],
        [ 8.1586e-05,  7.6353e-04, -4.2110e-03, -5.4278e-03,  6.3727e-03,
          7.5700e-03,  2.0300e-02,  3.8343e-03],
        [-6.0966e-03,  6.3138e-03, -2.1899e-02, -1.3089e-02,  1.2854e-02,
         -3.7796e-03,  1.5726e-02,  8.8332e-03],
        [ 6.9106e-03,  4.3204e-03,  2.1572e-02, -9.1455e-04,  3.6621e-03,
          1.0972e-03, -8.4411e-04, -4.0989e-03],
        [-4.8260e-03,  1.0278e-02,  7.4331e-04, -1.8973e-02,  8.0199e-03,
         -1.6853e-03, -8.8932e-03,  3.5294e-03],
        [ 1.3110e-02, -7.1042e-03, -1.7490e-02, -5.3041e-03,  9.3578e-03,
         -5.3951e-03, -5.2900e-04,  1.2923e-02],
        [ 7.2031e-03,  2.6373e-03, -5.0996e-04,  1.6052e-02, -1.8828e-02,
         -1.2516e-02, -3.8878e-03, -8.4187e-03],
        [ 8.3406e-03, -1.5032e-02, -1.0581e-02,  5.1437e-03, -2.2658e-03,
         -1.5894e-02, -7.2826e-03,  1.9233e-03]])
send begin
send end
get begin
get end
tensor([[-1.4772e-03,  1.3452e-03,  1.6252e-02, -1.1842e-02,  1.8366e-04,
         -2.3942e-02,  7.3518e-03,  8.1773e-03],
        [ 1.2519e-02,  7.6777e-03, -4.0128e-03, -2.1190e-02,  4.4200e-03,
         -6.4610e-03, -1.5070e-02,  2.7875e-03],
        [ 8.1681e-03,  4.2858e-03,  1.8606e-02,  1.8375e-03, -1.6822e-02,
         -9.4686e-04,  9.4507e-03, -6.3163e-03],
        [ 8.1586e-05,  7.6353e-04, -4.2110e-03, -5.4278e-03,  6.3727e-03,
          7.5700e-03,  2.0300e-02,  3.8343e-03],
        [-6.0966e-03,  6.3138e-03, -2.1899e-02, -1.3089e-02,  1.2854e-02,
         -3.7796e-03,  1.5726e-02,  8.8332e-03],
        [ 6.9106e-03,  4.3204e-03,  2.1572e-02, -9.1455e-04,  3.6621e-03,
          1.0972e-03, -8.4411e-04, -4.0989e-03],
        [-4.8260e-03,  1.0278e-02,  7.4331e-04, -1.8973e-02,  8.0199e-03,
         -1.6853e-03, -8.8932e-03,  3.5294e-03],
        [ 1.3110e-02, -7.1042e-03, -1.7490e-02, -5.3041e-03,  9.3578e-03,
         -5.3951e-03, -5.2900e-04,  1.2923e-02],
        [ 7.2031e-03,  2.6373e-03, -5.0996e-04,  1.6052e-02, -1.8828e-02,
         -1.2516e-02, -3.8878e-03, -8.4187e-03],
        [ 9.1750e-03, -1.4200e-02, -1.1415e-02,  5.9725e-03, -3.1008e-03,
         -1.6729e-02, -6.4480e-03,  1.0922e-03]])
send begin
send end
get begin
get end
tensor([[-1.4772e-03,  1.3452e-03,  1.6252e-02, -1.1842e-02,  1.8366e-04,
         -2.3942e-02,  7.3518e-03,  8.1773e-03],
        [ 1.2519e-02,  7.6777e-03, -4.0128e-03, -2.1190e-02,  4.4200e-03,
         -6.4610e-03, -1.5070e-02,  2.7875e-03],
        [ 7.3333e-03,  3.4901e-03,  1.7771e-02,  1.0244e-03, -1.7657e-02,
         -1.1275e-04,  1.0284e-02, -7.1374e-03],
        [ 8.1586e-05,  7.6353e-04, -4.2110e-03, -5.4278e-03,  6.3727e-03,
          7.5700e-03,  2.0300e-02,  3.8343e-03],
        [-6.0966e-03,  6.3138e-03, -2.1899e-02, -1.3089e-02,  1.2854e-02,
         -3.7796e-03,  1.5726e-02,  8.8332e-03],
        [ 6.9106e-03,  4.3204e-03,  2.1572e-02, -9.1455e-04,  3.6621e-03,
          1.0972e-03, -8.4411e-04, -4.0989e-03],
        [-4.8260e-03,  1.0278e-02,  7.4331e-04, -1.8973e-02,  8.0199e-03,
         -1.6853e-03, -8.8932e-03,  3.5294e-03],
        [ 1.3110e-02, -7.1042e-03, -1.7490e-02, -5.3041e-03,  9.3578e-03,
         -5.3951e-03, -5.2900e-04,  1.2923e-02],
        [ 8.0362e-03,  3.4682e-03,  3.2473e-04,  1.6689e-02, -1.7993e-02,
         -1.1681e-02, -4.7224e-03, -9.2526e-03],
        [ 9.1750e-03, -1.4200e-02, -1.1415e-02,  5.9725e-03, -3.1008e-03,
         -1.6729e-02, -6.4480e-03,  1.0922e-03]])
send begin
send end
