client_rank:1
start
before init
after init
{'model_type': 'GMF', 'dataset_type': 'CIFAR10', 'batch_size': 48, 'data_pattern': 0, 'lr': 0.001, 'decay_rate': 0.99, 'min_lr': 0.001, 'epoch': 5, 'momentum': -1, 'weight_decay': 0.0, 'para': {'item_embeddings.weight': tensor([[-0.0018,  0.0017,  0.0159,  ..., -0.0236,  0.0077,  0.0085],
        [ 0.0125,  0.0077, -0.0040,  ..., -0.0065, -0.0151,  0.0028],
        [ 0.0082,  0.0043,  0.0186,  ..., -0.0009,  0.0095, -0.0063],
        ...,
        [ 0.0053, -0.0204, -0.0120,  ...,  0.0014, -0.0082,  0.0017],
        [ 0.0034,  0.0020,  0.0049,  ...,  0.0187,  0.0054,  0.0143],
        [-0.0035, -0.0035, -0.0177,  ..., -0.0124,  0.0073, -0.0037]]), 'predict_layer.weight': tensor([[ 0.2198, -0.0294,  0.2770, -0.0121, -0.3182,  0.2357, -0.2346, -0.0523]]), 'predict_layer.bias': tensor([-0.0676])}, 'data_path': '/data/docker/data', 'tag': 1}
epoch-1 lr: 0.001
tensor([[-1.8488e-03,  1.7160e-03,  1.5880e-02, -1.1476e-02, -1.8813e-04,
         -2.3571e-02,  7.7234e-03,  8.5297e-03],
        [ 1.2519e-02,  7.6777e-03, -4.0128e-03, -2.1190e-02,  4.4200e-03,
         -6.4610e-03, -1.5070e-02,  2.7875e-03],
        [ 8.1681e-03,  4.2858e-03,  1.8606e-02,  1.8375e-03, -1.6822e-02,
         -9.4686e-04,  9.4507e-03, -6.3163e-03],
        [ 8.1586e-05,  7.6353e-04, -4.2110e-03, -5.4278e-03,  6.3727e-03,
          7.5700e-03,  2.0300e-02,  3.8343e-03],
        [-6.0966e-03,  6.3138e-03, -2.1899e-02, -1.3089e-02,  1.2854e-02,
         -3.7796e-03,  1.5726e-02,  8.8332e-03],
        [ 7.7453e-03,  3.4892e-03,  2.2406e-02, -8.5995e-05,  2.8283e-03,
          3.1359e-04, -1.6457e-05, -4.9319e-03],
        [-4.8260e-03,  1.0278e-02,  7.4331e-04, -1.8973e-02,  8.0199e-03,
         -1.6853e-03, -8.8932e-03,  3.5294e-03],
        [ 1.3945e-02, -7.8714e-03, -1.8322e-02, -6.1241e-03,  1.0193e-02,
         -6.2298e-03,  3.0191e-04,  1.2089e-02],
        [ 7.2031e-03,  2.6373e-03, -5.0996e-04,  1.6052e-02, -1.8828e-02,
         -1.2516e-02, -3.8878e-03, -8.4187e-03],
        [ 8.3406e-03, -1.5032e-02, -1.0581e-02,  5.1437e-03, -2.2658e-03,
         -1.5894e-02, -7.2826e-03,  1.9233e-03]])
after aggregation, epoch: 1, train loss: 0.6689366698265076, HR: 0.09735099337748344, NDCG: 0.041341459537502075
send para
after send
get end
epoch-2 lr: 0.001
tensor([[-1.8488e-03,  1.7160e-03,  1.5880e-02, -1.1476e-02, -1.8813e-04,
         -2.3571e-02,  7.7234e-03,  8.5297e-03],
        [ 1.2519e-02,  7.6777e-03, -4.0128e-03, -2.1190e-02,  4.4200e-03,
         -6.4610e-03, -1.5070e-02,  2.7875e-03],
        [ 8.1681e-03,  4.2858e-03,  1.8606e-02,  1.8375e-03, -1.6822e-02,
         -9.4686e-04,  9.4507e-03, -6.3163e-03],
        [ 8.1586e-05,  7.6353e-04, -4.2110e-03, -5.4278e-03,  6.3727e-03,
          7.5700e-03,  2.0300e-02,  3.8343e-03],
        [-6.0966e-03,  6.3138e-03, -2.1899e-02, -1.3089e-02,  1.2854e-02,
         -3.7796e-03,  1.5726e-02,  8.8332e-03],
        [ 7.7453e-03,  3.4892e-03,  2.2406e-02, -8.5995e-05,  2.8283e-03,
          3.1359e-04, -1.6457e-05, -4.9319e-03],
        [-4.8260e-03,  1.0278e-02,  7.4331e-04, -1.8973e-02,  8.0199e-03,
         -1.6853e-03, -8.8932e-03,  3.5294e-03],
        [ 1.3945e-02, -7.8714e-03, -1.8322e-02, -6.1241e-03,  1.0193e-02,
         -6.2298e-03,  3.0191e-04,  1.2089e-02],
        [ 7.2031e-03,  2.6373e-03, -5.0996e-04,  1.6052e-02, -1.8828e-02,
         -1.2516e-02, -3.8878e-03, -8.4187e-03],
        [ 8.3406e-03, -1.5032e-02, -1.0581e-02,  5.1437e-03, -2.2658e-03,
         -1.5894e-02, -7.2826e-03,  1.9233e-03]])
after aggregation, epoch: 2, train loss: 0.6755437850952148, HR: 0.09668874172185431, NDCG: 0.04093779007483467
send para
after send
get end
epoch-3 lr: 0.001
tensor([[-1.4772e-03,  1.3452e-03,  1.6252e-02, -1.1842e-02,  1.8366e-04,
         -2.3942e-02,  7.3518e-03,  8.1773e-03],
        [ 1.2519e-02,  7.6777e-03, -4.0128e-03, -2.1190e-02,  4.4200e-03,
         -6.4610e-03, -1.5070e-02,  2.7875e-03],
        [ 8.1681e-03,  4.2858e-03,  1.8606e-02,  1.8375e-03, -1.6822e-02,
         -9.4686e-04,  9.4507e-03, -6.3163e-03],
        [ 8.1586e-05,  7.6353e-04, -4.2110e-03, -5.4278e-03,  6.3727e-03,
          7.5700e-03,  2.0300e-02,  3.8343e-03],
        [-6.0966e-03,  6.3138e-03, -2.1899e-02, -1.3089e-02,  1.2854e-02,
         -3.7796e-03,  1.5726e-02,  8.8332e-03],
        [ 7.7453e-03,  3.4892e-03,  2.2406e-02, -8.5995e-05,  2.8283e-03,
          3.1359e-04, -1.6457e-05, -4.9319e-03],
        [-4.8260e-03,  1.0278e-02,  7.4331e-04, -1.8973e-02,  8.0199e-03,
         -1.6853e-03, -8.8932e-03,  3.5294e-03],
        [ 1.3110e-02, -7.1042e-03, -1.7490e-02, -5.3041e-03,  9.3578e-03,
         -5.3951e-03, -5.2900e-04,  1.2923e-02],
        [ 7.2031e-03,  2.6373e-03, -5.0996e-04,  1.6052e-02, -1.8828e-02,
         -1.2516e-02, -3.8878e-03, -8.4187e-03],
        [ 8.3406e-03, -1.5032e-02, -1.0581e-02,  5.1437e-03, -2.2658e-03,
         -1.5894e-02, -7.2826e-03,  1.9233e-03]])
after aggregation, epoch: 3, train loss: 0.6652879118919373, HR: 0.09735099337748344, NDCG: 0.041436318634404994
send para
after send
get end
epoch-4 lr: 0.001
tensor([[-1.4772e-03,  1.3452e-03,  1.6252e-02, -1.1842e-02,  1.8366e-04,
         -2.3942e-02,  7.3518e-03,  8.1773e-03],
        [ 1.2519e-02,  7.6777e-03, -4.0128e-03, -2.1190e-02,  4.4200e-03,
         -6.4610e-03, -1.5070e-02,  2.7875e-03],
        [ 8.1681e-03,  4.2858e-03,  1.8606e-02,  1.8375e-03, -1.6822e-02,
         -9.4686e-04,  9.4507e-03, -6.3163e-03],
        [ 8.1586e-05,  7.6353e-04, -4.2110e-03, -5.4278e-03,  6.3727e-03,
          7.5700e-03,  2.0300e-02,  3.8343e-03],
        [-6.0966e-03,  6.3138e-03, -2.1899e-02, -1.3089e-02,  1.2854e-02,
         -3.7796e-03,  1.5726e-02,  8.8332e-03],
        [ 6.9106e-03,  4.3204e-03,  2.1572e-02, -9.1455e-04,  3.6621e-03,
          1.0972e-03, -8.4411e-04, -4.0989e-03],
        [-4.8260e-03,  1.0278e-02,  7.4331e-04, -1.8973e-02,  8.0199e-03,
         -1.6853e-03, -8.8932e-03,  3.5294e-03],
        [ 1.3110e-02, -7.1042e-03, -1.7490e-02, -5.3041e-03,  9.3578e-03,
         -5.3951e-03, -5.2900e-04,  1.2923e-02],
        [ 7.2031e-03,  2.6373e-03, -5.0996e-04,  1.6052e-02, -1.8828e-02,
         -1.2516e-02, -3.8878e-03, -8.4187e-03],
        [ 8.3406e-03, -1.5032e-02, -1.0581e-02,  5.1437e-03, -2.2658e-03,
         -1.5894e-02, -7.2826e-03,  1.9233e-03]])
after aggregation, epoch: 4, train loss: 0.6668370068073273, HR: 0.09470198675496688, NDCG: 0.04051920402908497
send para
after send
get end
epoch-5 lr: 0.001
tensor([[-1.4772e-03,  1.3452e-03,  1.6252e-02, -1.1842e-02,  1.8366e-04,
         -2.3942e-02,  7.3518e-03,  8.1773e-03],
        [ 1.2519e-02,  7.6777e-03, -4.0128e-03, -2.1190e-02,  4.4200e-03,
         -6.4610e-03, -1.5070e-02,  2.7875e-03],
        [ 8.1681e-03,  4.2858e-03,  1.8606e-02,  1.8375e-03, -1.6822e-02,
         -9.4686e-04,  9.4507e-03, -6.3163e-03],
        [ 8.1586e-05,  7.6353e-04, -4.2110e-03, -5.4278e-03,  6.3727e-03,
          7.5700e-03,  2.0300e-02,  3.8343e-03],
        [-6.0966e-03,  6.3138e-03, -2.1899e-02, -1.3089e-02,  1.2854e-02,
         -3.7796e-03,  1.5726e-02,  8.8332e-03],
        [ 6.9106e-03,  4.3204e-03,  2.1572e-02, -9.1455e-04,  3.6621e-03,
          1.0972e-03, -8.4411e-04, -4.0989e-03],
        [-4.8260e-03,  1.0278e-02,  7.4331e-04, -1.8973e-02,  8.0199e-03,
         -1.6853e-03, -8.8932e-03,  3.5294e-03],
        [ 1.3110e-02, -7.1042e-03, -1.7490e-02, -5.3041e-03,  9.3578e-03,
         -5.3951e-03, -5.2900e-04,  1.2923e-02],
        [ 7.2031e-03,  2.6373e-03, -5.0996e-04,  1.6052e-02, -1.8828e-02,
         -1.2516e-02, -3.8878e-03, -8.4187e-03],
        [ 9.1750e-03, -1.4200e-02, -1.1415e-02,  5.9725e-03, -3.1008e-03,
         -1.6729e-02, -6.4480e-03,  1.0922e-03]])
after aggregation, epoch: 5, train loss: 0.6708747744560242, HR: 0.09536423841059603, NDCG: 0.04103590730359739
send para
after send
get end
