client_rank:3
start
before init
after init
{'model_type': 'GMF', 'dataset_type': 'CIFAR10', 'batch_size': 256, 'data_pattern': 0, 'lr': 0.005, 'decay_rate': 0.99, 'min_lr': 0.001, 'epoch': 20, 'momentum': -1, 'weight_decay': 0.0, 'para': {'item_embeddings.weight': tensor([[ 0.0022, -0.0103,  0.0147,  ...,  0.0035,  0.0003, -0.0007],
        [-0.0039, -0.0043, -0.0093,  ..., -0.0176, -0.0028, -0.0149],
        [-0.0043,  0.0009, -0.0008,  ...,  0.0105,  0.0082, -0.0030],
        ...,
        [ 0.0087,  0.0180, -0.0002,  ..., -0.0009,  0.0152,  0.0041],
        [-0.0066,  0.0084,  0.0046,  ...,  0.0164, -0.0133, -0.0109],
        [-0.0173,  0.0183, -0.0127,  ..., -0.0049,  0.0018, -0.0001]]), 'predict_layer.weight': tensor([[-0.1617, -0.1810, -0.2721, -0.3505, -0.3306, -0.3053, -0.0655, -0.2397]]), 'predict_layer.bias': tensor([-0.2997])}, 'data_path': '/data/docker/data', 'tag': 1}
epoch-1 lr: 0.005
after aggregation, epoch: 1, train loss: 0.6118392944335938, HR: 0.10463576158940398, NDCG: 0.047611813590835134
send para
after send
get end
epoch-2 lr: 0.005
after aggregation, epoch: 2, train loss: 0.6125926673412323, HR: 0.09867549668874172, NDCG: 0.04784663041726826
send para
after send
get end
epoch-3 lr: 0.005
after aggregation, epoch: 3, train loss: 0.6154099106788635, HR: 0.11456953642384106, NDCG: 0.05238357875255353
send para
after send
get end
epoch-4 lr: 0.005
after aggregation, epoch: 4, train loss: 0.6114932298660278, HR: 0.10198675496688742, NDCG: 0.04811328878752383
send para
after send
get end
epoch-5 lr: 0.005
after aggregation, epoch: 5, train loss: 0.60816890001297, HR: 0.10331125827814569, NDCG: 0.049460544045972055
send para
after send
get end
epoch-6 lr: 0.005
after aggregation, epoch: 6, train loss: 0.5957634747028351, HR: 0.1, NDCG: 0.046541540599938286
send para
after send
get end
epoch-7 lr: 0.005
after aggregation, epoch: 7, train loss: 0.5949053764343262, HR: 0.10397350993377484, NDCG: 0.05010190962455405
send para
after send
get end
epoch-8 lr: 0.005
after aggregation, epoch: 8, train loss: 0.5976420044898987, HR: 0.10927152317880795, NDCG: 0.05089287776961984
send para
after send
get end
epoch-9 lr: 0.005
after aggregation, epoch: 9, train loss: 0.6052622199058533, HR: 0.11125827814569536, NDCG: 0.05066066779175277
send para
after send
get end
epoch-10 lr: 0.005
after aggregation, epoch: 10, train loss: 0.5927824676036835, HR: 0.10463576158940398, NDCG: 0.0484000849205184
send para
after send
get end
epoch-11 lr: 0.005
after aggregation, epoch: 11, train loss: 0.5938817858695984, HR: 0.1152317880794702, NDCG: 0.05459418444268546
send para
after send
get end
epoch-12 lr: 0.005
after aggregation, epoch: 12, train loss: 0.5846952497959137, HR: 0.11258278145695365, NDCG: 0.05320384018013924
send para
after send
get end
epoch-13 lr: 0.005
after aggregation, epoch: 13, train loss: 0.5940553247928619, HR: 0.11589403973509933, NDCG: 0.05576958827580787
send para
after send
get end
epoch-14 lr: 0.005
after aggregation, epoch: 14, train loss: 0.5864012241363525, HR: 0.11456953642384106, NDCG: 0.051217728202260164
send para
after send
get end
epoch-15 lr: 0.005
after aggregation, epoch: 15, train loss: 0.5887902081012726, HR: 0.1152317880794702, NDCG: 0.05239162859588467
send para
after send
get end
epoch-16 lr: 0.005
after aggregation, epoch: 16, train loss: 0.5895826816558838, HR: 0.11655629139072848, NDCG: 0.055659481333071234
send para
after send
get end
epoch-17 lr: 0.005
after aggregation, epoch: 17, train loss: 0.5689096450805664, HR: 0.11589403973509933, NDCG: 0.05559979487976818
send para
after send
get end
epoch-18 lr: 0.005
after aggregation, epoch: 18, train loss: 0.5797033905982971, HR: 0.10662251655629139, NDCG: 0.05316652219863668
send para
after send
get end
epoch-19 lr: 0.005
after aggregation, epoch: 19, train loss: 0.5666757822036743, HR: 0.11390728476821192, NDCG: 0.05641150863024386
send para
after send
get end
epoch-20 lr: 0.005
after aggregation, epoch: 20, train loss: 0.5616462230682373, HR: 0.10066225165562914, NDCG: 0.04923441662281254
send para
after send
get end
