client_rank:2
start
before init
after init
{'model_type': 'GMF', 'dataset_type': 'CIFAR10', 'batch_size': 256, 'data_pattern': 0, 'lr': 0.005, 'decay_rate': 0.99, 'min_lr': 0.001, 'epoch': 20, 'momentum': -1, 'weight_decay': 0.0, 'para': {'item_embeddings.weight': tensor([[ 0.0022, -0.0103,  0.0147,  ...,  0.0035,  0.0003, -0.0007],
        [-0.0039, -0.0043, -0.0093,  ..., -0.0176, -0.0028, -0.0149],
        [-0.0043,  0.0009, -0.0008,  ...,  0.0105,  0.0082, -0.0030],
        ...,
        [ 0.0087,  0.0180, -0.0002,  ..., -0.0009,  0.0152,  0.0041],
        [-0.0066,  0.0084,  0.0046,  ...,  0.0164, -0.0133, -0.0109],
        [-0.0173,  0.0183, -0.0127,  ..., -0.0049,  0.0018, -0.0001]]), 'predict_layer.weight': tensor([[-0.1617, -0.1810, -0.2721, -0.3505, -0.3306, -0.3053, -0.0655, -0.2397]]), 'predict_layer.bias': tensor([-0.2997])}, 'data_path': '/data/docker/data', 'tag': 1}
epoch-1 lr: 0.005
after aggregation, epoch: 1, train loss: 0.6159293055534363, HR: 0.10397350993377484, NDCG: 0.043734682872358134
send para
after send
get end
epoch-2 lr: 0.005
after aggregation, epoch: 2, train loss: 0.6212050914764404, HR: 0.10794701986754966, NDCG: 0.0484274052615094
send para
after send
get end
epoch-3 lr: 0.005
after aggregation, epoch: 3, train loss: 0.6035087704658508, HR: 0.10463576158940398, NDCG: 0.046706669039375884
send para
after send
get end
epoch-4 lr: 0.005
after aggregation, epoch: 4, train loss: 0.6224514245986938, HR: 0.09470198675496688, NDCG: 0.04126953356156978
send para
after send
get end
epoch-5 lr: 0.005
after aggregation, epoch: 5, train loss: 0.6007768511772156, HR: 0.10860927152317881, NDCG: 0.04840501565038978
send para
after send
get end
epoch-6 lr: 0.005
after aggregation, epoch: 6, train loss: 0.596411406993866, HR: 0.09867549668874172, NDCG: 0.046858734644192074
send para
after send
get end
epoch-7 lr: 0.005
after aggregation, epoch: 7, train loss: 0.6061956286430359, HR: 0.10397350993377484, NDCG: 0.04645943155194411
send para
after send
get end
epoch-8 lr: 0.005
after aggregation, epoch: 8, train loss: 0.5969286859035492, HR: 0.10728476821192053, NDCG: 0.04831719312507213
send para
after send
get end
epoch-9 lr: 0.005
after aggregation, epoch: 9, train loss: 0.5963732004165649, HR: 0.10596026490066225, NDCG: 0.04741309553419533
send para
after send
get end
epoch-10 lr: 0.005
after aggregation, epoch: 10, train loss: 0.58670973777771, HR: 0.10993377483443709, NDCG: 0.0506271863927608
send para
after send
get end
epoch-11 lr: 0.005
after aggregation, epoch: 11, train loss: 0.587611049413681, HR: 0.10728476821192053, NDCG: 0.04708049201299395
send para
after send
get end
epoch-12 lr: 0.005
after aggregation, epoch: 12, train loss: 0.5910987854003906, HR: 0.10860927152317881, NDCG: 0.048963169781173856
send para
after send
get end
epoch-13 lr: 0.005
after aggregation, epoch: 13, train loss: 0.5810008645057678, HR: 0.10397350993377484, NDCG: 0.045804697542620454
send para
after send
get end
epoch-14 lr: 0.005
after aggregation, epoch: 14, train loss: 0.5964149236679077, HR: 0.1152317880794702, NDCG: 0.05025993050386544
send para
after send
get end
epoch-15 lr: 0.005
after aggregation, epoch: 15, train loss: 0.5861483812332153, HR: 0.10728476821192053, NDCG: 0.04827252389961897
send para
after send
get end
epoch-16 lr: 0.005
after aggregation, epoch: 16, train loss: 0.5764269828796387, HR: 0.10198675496688742, NDCG: 0.04612189203398554
send para
after send
get end
epoch-17 lr: 0.005
after aggregation, epoch: 17, train loss: 0.5824947953224182, HR: 0.10728476821192053, NDCG: 0.04832998698161433
send para
after send
get end
epoch-18 lr: 0.005
after aggregation, epoch: 18, train loss: 0.5833951234817505, HR: 0.10662251655629139, NDCG: 0.04817376143010584
send para
after send
get end
epoch-19 lr: 0.005
after aggregation, epoch: 19, train loss: 0.5638351142406464, HR: 0.10728476821192053, NDCG: 0.049562348255866515
send para
after send
get end
epoch-20 lr: 0.005
after aggregation, epoch: 20, train loss: 0.571293830871582, HR: 0.09801324503311258, NDCG: 0.045327526269971254
send para
after send
get end
